{"/Users/furkan/Desktop/ReactNative/DenemeApp/index.android.js": {"path":"/Users/furkan/Desktop/ReactNative/DenemeApp/index.android.js","statementMap":{"0":{"start":{"line":17,"column":4},"end":{"line":30,"column":6}},"1":{"start":{"line":34,"column":15},"end":{"line":51,"column":2}},"2":{"start":{"line":53,"column":0},"end":{"line":53,"column":60}},"3":{"start":{"line":53,"column":49},"end":{"line":53,"column":58}}},"fnMap":{"0":{"name":"(anonymous_0)","decl":{"start":{"line":16,"column":2},"end":{"line":16,"column":3}},"loc":{"start":{"line":16,"column":11},"end":{"line":31,"column":3}},"line":16},"1":{"name":"(anonymous_1)","decl":{"start":{"line":53,"column":43},"end":{"line":53,"column":44}},"loc":{"start":{"line":53,"column":49},"end":{"line":53,"column":58}},"line":53}},"branchMap":{},"s":{"0":1,"1":1,"2":1,"3":0},"f":{"0":1,"1":0},"b":{},"_coverageSchema":"332fd63041d2c1bcb487cc26dd0d5f7d97098a6c","hash":"236dedf6ccd8400882a24084f529325dbdfbde46"}
,"/Users/furkan/Desktop/ReactNative/DenemeApp/index.ios.js": {"path":"/Users/furkan/Desktop/ReactNative/DenemeApp/index.ios.js","statementMap":{"0":{"start":{"line":10,"column":15},"end":{"line":27,"column":2}},"1":{"start":{"line":31,"column":4},"end":{"line":40,"column":6}},"2":{"start":{"line":44,"column":0},"end":{"line":44,"column":60}},"3":{"start":{"line":44,"column":49},"end":{"line":44,"column":58}}},"fnMap":{"0":{"name":"(anonymous_0)","decl":{"start":{"line":30,"column":2},"end":{"line":30,"column":3}},"loc":{"start":{"line":30,"column":11},"end":{"line":41,"column":3}},"line":30},"1":{"name":"(anonymous_1)","decl":{"start":{"line":44,"column":43},"end":{"line":44,"column":44}},"loc":{"start":{"line":44,"column":49},"end":{"line":44,"column":58}},"line":44}},"branchMap":{},"s":{"0":1,"1":1,"2":1,"3":0},"f":{"0":1,"1":0},"b":{},"_coverageSchema":"332fd63041d2c1bcb487cc26dd0d5f7d97098a6c","hash":"c1d2c24616348bf7cf091412770f2ca86e6862d1"}
}
